2020-03-08 21:26:26 [restartedMain] INFO  com.bhaiti.Devops2Application::logStarting::55 - Starting Devops2Application on DESKTOP-95C08B0 with PID 9712 (D:\devops2\target\classes started by Muhammad Waleed in D:\devops2)
    2020-03-08 21:26:26 [restartedMain] INFO  com.bhaiti.Devops2Application::logStartupProfileInfo::651 - No active profile set, falling back to default profiles: default
    2020-03-08 21:26:26 [restartedMain] INFO  org.springframework.data.repository.config.RepositoryConfigurationDelegate::registerRepositoriesIn::127 - Bootstrapping Spring Data JPA repositories in DEFAULT mode.
    2020-03-08 21:26:26 [restartedMain] INFO  org.springframework.data.repository.config.RepositoryConfigurationDelegate::registerRepositoriesIn::187 - Finished Spring Data repository scanning in 15ms. Found 1 JPA repository interfaces.
    2020-03-08 21:26:26 [restartedMain] INFO  org.springframework.boot.web.embedded.tomcat.TomcatWebServer::initialize::92 - Tomcat initialized with port(s): 8080 (http)
    2020-03-08 21:26:26 [restartedMain] INFO  org.apache.catalina.core.StandardService::log::173 - Starting service [Tomcat]
    2020-03-08 21:26:26 [restartedMain] INFO  org.apache.catalina.core.StandardEngine::log::173 - Starting Servlet engine: [Apache Tomcat/9.0.31]
    2020-03-08 21:26:26 [restartedMain] INFO  org.apache.catalina.core.ContainerBase.[Tomcat].[localhost].[/]::log::173 - Initializing Spring embedded WebApplicationContext
    2020-03-08 21:26:26 [restartedMain] INFO  org.springframework.web.context.ContextLoader::prepareWebApplicationContext::284 - Root WebApplicationContext: initialization completed in 448 ms
    2020-03-08 21:26:27 [restartedMain] INFO  org.hibernate.jpa.internal.util.LogHelper::logPersistenceUnitInformation::31 - HHH000204: Processing PersistenceUnitInfo [name: default]
    2020-03-08 21:26:27 [restartedMain] INFO  com.zaxxer.hikari.HikariDataSource::getConnection::110 - HikariPool-2 - Starting...
    2020-03-08 21:26:27 [restartedMain] INFO  com.zaxxer.hikari.HikariDataSource::getConnection::123 - HikariPool-2 - Start completed.
    2020-03-08 21:26:27 [restartedMain] INFO  org.hibernate.dialect.Dialect::<init>::172 - HHH000400: Using dialect: org.hibernate.dialect.MySQL5Dialect
    2020-03-08 21:26:27 [restartedMain] INFO  org.hibernate.engine.transaction.jta.platform.internal.JtaPlatformInitiator::initiateService::52 - HHH000490: Using JtaPlatform implementation: [org.hibernate.engine.transaction.jta.platform.internal.NoJtaPlatform]
    2020-03-08 21:26:27 [restartedMain] INFO  org.springframework.orm.jpa.LocalContainerEntityManagerFactoryBean::buildNativeEntityManagerFactory::416 - Initialized JPA EntityManagerFactory for persistence unit 'default'
    2020-03-08 21:26:27 [restartedMain] WARN  org.springframework.boot.autoconfigure.orm.jpa.JpaBaseConfiguration$JpaWebConfiguration::openEntityManagerInViewInterceptor::220 - spring.jpa.open-in-view is enabled by default. Therefore, database queries may be performed during view rendering. Explicitly configure spring.jpa.open-in-view to disable this warning
    2020-03-08 21:26:27 [restartedMain] INFO  org.springframework.scheduling.concurrent.ThreadPoolTaskExecutor::initialize::181 - Initializing ExecutorService 'applicationTaskExecutor'
    2020-03-08 21:26:27 [restartedMain] INFO  org.springframework.boot.devtools.autoconfigure.OptionalLiveReloadServer::startServer::58 - LiveReload server is running on port 35729
    2020-03-08 21:26:27 [restartedMain] INFO  org.springframework.boot.web.embedded.tomcat.TomcatWebServer::start::204 - Tomcat started on port(s): 8080 (http) with context path ''
    2020-03-08 21:26:27 [restartedMain] INFO  com.bhaiti.Devops2Application::logStarted::61 - Started Devops2Application in 0.844 seconds (JVM running for 110.542)
    2020-03-08 21:26:27 [restartedMain] INFO  org.springframework.boot.devtools.autoconfigure.ConditionEvaluationDeltaLoggingListener::onApplicationEvent::63 - Condition evaluation unchanged
    2020-03-08 21:27:06 [RMI TCP Connection(4)-127.0.0.1] INFO  org.springframework.boot.admin.SpringApplicationAdminMXBeanRegistrar$SpringApplicationAdmin::shutdown::159 - Application shutdown requested.
    2020-03-08 21:27:06 [RMI TCP Connection(4)-127.0.0.1] INFO  org.springframework.scheduling.concurrent.ThreadPoolTaskExecutor::shutdown::218 - Shutting down ExecutorService 'applicationTaskExecutor'
    2020-03-08 21:27:06 [RMI TCP Connection(4)-127.0.0.1] INFO  org.springframework.orm.jpa.LocalContainerEntityManagerFactoryBean::destroy::598 - Closing JPA EntityManagerFactory for persistence unit 'default'
    2020-03-08 21:27:06 [RMI TCP Connection(4)-127.0.0.1] INFO  com.zaxxer.hikari.HikariDataSource::close::350 - HikariPool-2 - Shutdown initiated...
    2020-03-08 21:27:06 [RMI TCP Connection(4)-127.0.0.1] INFO  com.zaxxer.hikari.HikariDataSource::close::352 - HikariPool-2 - Shutdown completed.
    2020-03-08 21:32:30 [restartedMain] INFO  com.bhaiti.Devops2Application::logStarting::55 - Starting Devops2Application on DESKTOP-95C08B0 with PID 1220 (D:\devops2\target\classes started by Muhammad Waleed in D:\devops2)
    2020-03-08 21:32:30 [restartedMain] INFO  com.bhaiti.Devops2Application::logStartupProfileInfo::651 - No active profile set, falling back to default profiles: default
    2020-03-08 21:32:30 [restartedMain] INFO  org.springframework.boot.devtools.restart.ChangeableUrls::logTo::225 - The Class-Path manifest attribute in C:\Users\Muhammad Waleed\.m2\repository\org\glassfish\jaxb\jaxb-runtime\2.3.2\jaxb-runtime-2.3.2.jar referenced one or more files that do not exist: file:/C:/Users/Muhammad%20Waleed/.m2/repository/org/glassfish/jaxb/jaxb-runtime/2.3.2/jakarta.xml.bind-api-2.3.2.jar,file:/C:/Users/Muhammad%20Waleed/.m2/repository/org/glassfish/jaxb/jaxb-runtime/2.3.2/txw2-2.3.2.jar,file:/C:/Users/Muhammad%20Waleed/.m2/repository/org/glassfish/jaxb/jaxb-runtime/2.3.2/istack-commons-runtime-3.0.8.jar,file:/C:/Users/Muhammad%20Waleed/.m2/repository/org/glassfish/jaxb/jaxb-runtime/2.3.2/stax-ex-1.8.1.jar,file:/C:/Users/Muhammad%20Waleed/.m2/repository/org/glassfish/jaxb/jaxb-runtime/2.3.2/FastInfoset-1.2.16.jar,file:/C:/Users/Muhammad%20Waleed/.m2/repository/org/glassfish/jaxb/jaxb-runtime/2.3.2/jakarta.activation-api-1.2.1.jar
    2020-03-08 21:32:30 [restartedMain] INFO  org.springframework.boot.devtools.env.DevToolsPropertyDefaultsPostProcessor::logTo::225 - Devtools property defaults active! Set 'spring.devtools.add-properties' to 'false' to disable
    2020-03-08 21:32:30 [restartedMain] INFO  org.springframework.boot.devtools.env.DevToolsPropertyDefaultsPostProcessor::logTo::225 - For additional web related logging consider setting the 'logging.level.web' property to 'DEBUG'
    2020-03-08 21:32:31 [restartedMain] INFO  org.springframework.data.repository.config.RepositoryConfigurationDelegate::registerRepositoriesIn::127 - Bootstrapping Spring Data JPA repositories in DEFAULT mode.
    2020-03-08 21:32:31 [restartedMain] INFO  org.springframework.data.repository.config.RepositoryConfigurationDelegate::registerRepositoriesIn::187 - Finished Spring Data repository scanning in 68ms. Found 1 JPA repository interfaces.
    2020-03-08 21:32:31 [restartedMain] INFO  org.springframework.boot.web.embedded.tomcat.TomcatWebServer::initialize::92 - Tomcat initialized with port(s): 8080 (http)
    2020-03-08 21:32:32 [restartedMain] INFO  org.apache.catalina.core.StandardService::log::173 - Starting service [Tomcat]
    2020-03-08 21:32:32 [restartedMain] INFO  org.apache.catalina.core.StandardEngine::log::173 - Starting Servlet engine: [Apache Tomcat/9.0.31]
    2020-03-08 21:32:32 [restartedMain] INFO  org.apache.catalina.core.ContainerBase.[Tomcat].[localhost].[/]::log::173 - Initializing Spring embedded WebApplicationContext
    2020-03-08 21:32:32 [restartedMain] INFO  org.springframework.web.context.ContextLoader::prepareWebApplicationContext::284 - Root WebApplicationContext: initialization completed in 1856 ms
    2020-03-08 21:32:32 [restartedMain] INFO  org.hibernate.jpa.internal.util.LogHelper::logPersistenceUnitInformation::31 - HHH000204: Processing PersistenceUnitInfo [name: default]
    2020-03-08 21:32:32 [restartedMain] INFO  org.hibernate.Version::logVersion::44 - HHH000412: Hibernate ORM core version 5.4.12.Final
    2020-03-08 21:32:32 [restartedMain] INFO  org.hibernate.annotations.common.Version::<clinit>::49 - HCANN000001: Hibernate Commons Annotations {5.1.0.Final}
    2020-03-08 21:32:32 [restartedMain] INFO  com.zaxxer.hikari.HikariDataSource::getConnection::110 - HikariPool-1 - Starting...
    2020-03-08 21:32:32 [restartedMain] INFO  com.zaxxer.hikari.HikariDataSource::getConnection::123 - HikariPool-1 - Start completed.
    2020-03-08 21:32:32 [restartedMain] INFO  org.hibernate.dialect.Dialect::<init>::172 - HHH000400: Using dialect: org.hibernate.dialect.MySQL5Dialect
    2020-03-08 21:32:33 [restartedMain] INFO  org.hibernate.engine.transaction.jta.platform.internal.JtaPlatformInitiator::initiateService::52 - HHH000490: Using JtaPlatform implementation: [org.hibernate.engine.transaction.jta.platform.internal.NoJtaPlatform]
    2020-03-08 21:32:33 [restartedMain] INFO  org.springframework.orm.jpa.LocalContainerEntityManagerFactoryBean::buildNativeEntityManagerFactory::416 - Initialized JPA EntityManagerFactory for persistence unit 'default'
    2020-03-08 21:32:33 [restartedMain] WARN  org.springframework.boot.autoconfigure.orm.jpa.JpaBaseConfiguration$JpaWebConfiguration::openEntityManagerInViewInterceptor::220 - spring.jpa.open-in-view is enabled by default. Therefore, database queries may be performed during view rendering. Explicitly configure spring.jpa.open-in-view to disable this warning
    2020-03-08 21:32:33 [restartedMain] INFO  org.springframework.scheduling.concurrent.ThreadPoolTaskExecutor::initialize::181 - Initializing ExecutorService 'applicationTaskExecutor'
    2020-03-08 21:32:34 [restartedMain] INFO  org.springframework.boot.devtools.autoconfigure.OptionalLiveReloadServer::startServer::58 - LiveReload server is running on port 35729
    2020-03-08 21:32:34 [restartedMain] INFO  org.springframework.boot.web.embedded.tomcat.TomcatWebServer::start::204 - Tomcat started on port(s): 8080 (http) with context path ''
    2020-03-08 21:32:34 [restartedMain] INFO  com.bhaiti.Devops2Application::logStarted::61 - Started Devops2Application in 4.718 seconds (JVM running for 6.079)
    2020-03-08 21:32:41 [http-nio-8080-exec-1] INFO  org.apache.catalina.core.ContainerBase.[Tomcat].[localhost].[/]::log::173 - Initializing Spring DispatcherServlet 'dispatcherServlet'
    2020-03-08 21:32:41 [http-nio-8080-exec-1] INFO  org.springframework.web.servlet.DispatcherServlet::initServletBean::525 - Initializing Servlet 'dispatcherServlet'
    2020-03-08 21:32:41 [http-nio-8080-exec-1] INFO  org.springframework.web.servlet.DispatcherServlet::initServletBean::547 - Completed initialization in 11 ms
    2020-03-08 21:50:04 [RMI TCP Connection(4)-127.0.0.1] INFO  org.springframework.boot.admin.SpringApplicationAdminMXBeanRegistrar$SpringApplicationAdmin::shutdown::159 - Application shutdown requested.
    2020-03-08 21:50:04 [RMI TCP Connection(4)-127.0.0.1] INFO  org.springframework.scheduling.concurrent.ThreadPoolTaskExecutor::shutdown::218 - Shutting down ExecutorService 'applicationTaskExecutor'
    2020-03-08 21:50:04 [RMI TCP Connection(4)-127.0.0.1] INFO  org.springframework.orm.jpa.LocalContainerEntityManagerFactoryBean::destroy::598 - Closing JPA EntityManagerFactory for persistence unit 'default'
    2020-03-08 21:50:04 [RMI TCP Connection(4)-127.0.0.1] INFO  com.zaxxer.hikari.HikariDataSource::close::350 - HikariPool-1 - Shutdown initiated...
    2020-03-08 21:50:04 [RMI TCP Connection(4)-127.0.0.1] INFO  com.zaxxer.hikari.HikariDataSource::close::352 - HikariPool-1 - Shutdown completed.
    